<?xml version="1.0" encoding="UTF-8"?>
<testsuite xmlns:xsi="http://www.w3.org/2001/XMLSchema-instance" xsi:noNamespaceSchemaLocation="https://maven.apache.org/surefire/maven-surefire-plugin/xsd/surefire-test-report-3.0.xsd" version="3.0" name="com.burgerbuilder.repository.DataInitializationTest" time="24.811" tests="5" errors="0" skipped="0" failures="0">
  <properties>
    <property name="java.specification.version" value="21"/>
    <property name="sun.jnu.encoding" value="UTF-8"/>
    <property name="java.class.path" value="/mnt/c/Users/ya184/Yazeed-project2/Yazeed-project-burger/backend/target/test-classes:/mnt/c/Users/ya184/Yazeed-project2/Yazeed-project-burger/backend/target/classes:/home/yazeed/.m2/repository/org/springframework/boot/spring-boot-starter-web/3.2.0/spring-boot-starter-web-3.2.0.jar:/home/yazeed/.m2/repository/org/springframework/boot/spring-boot-starter/3.2.0/spring-boot-starter-3.2.0.jar:/home/yazeed/.m2/repository/org/springframework/boot/spring-boot/3.2.0/spring-boot-3.2.0.jar:/home/yazeed/.m2/repository/org/springframework/boot/spring-boot-autoconfigure/3.2.0/spring-boot-autoconfigure-3.2.0.jar:/home/yazeed/.m2/repository/org/springframework/boot/spring-boot-starter-logging/3.2.0/spring-boot-starter-logging-3.2.0.jar:/home/yazeed/.m2/repository/ch/qos/logback/logback-classic/1.4.11/logback-classic-1.4.11.jar:/home/yazeed/.m2/repository/ch/qos/logback/logback-core/1.4.11/logback-core-1.4.11.jar:/home/yazeed/.m2/repository/org/apache/logging/log4j/log4j-to-slf4j/2.21.1/log4j-to-slf4j-2.21.1.jar:/home/yazeed/.m2/repository/org/apache/logging/log4j/log4j-api/2.21.1/log4j-api-2.21.1.jar:/home/yazeed/.m2/repository/org/slf4j/jul-to-slf4j/2.0.9/jul-to-slf4j-2.0.9.jar:/home/yazeed/.m2/repository/jakarta/annotation/jakarta.annotation-api/2.1.1/jakarta.annotation-api-2.1.1.jar:/home/yazeed/.m2/repository/org/yaml/snakeyaml/2.2/snakeyaml-2.2.jar:/home/yazeed/.m2/repository/org/springframework/boot/spring-boot-starter-json/3.2.0/spring-boot-starter-json-3.2.0.jar:/home/yazeed/.m2/repository/com/fasterxml/jackson/core/jackson-databind/2.15.3/jackson-databind-2.15.3.jar:/home/yazeed/.m2/repository/com/fasterxml/jackson/core/jackson-annotations/2.15.3/jackson-annotations-2.15.3.jar:/home/yazeed/.m2/repository/com/fasterxml/jackson/core/jackson-core/2.15.3/jackson-core-2.15.3.jar:/home/yazeed/.m2/repository/com/fasterxml/jackson/datatype/jackson-datatype-jdk8/2.15.3/jackson-datatype-jdk8-2.15.3.jar:/home/yazeed/.m2/repository/com/fasterxml/jackson/datatype/jackson-datatype-jsr310/2.15.3/jackson-datatype-jsr310-2.15.3.jar:/home/yazeed/.m2/repository/com/fasterxml/jackson/module/jackson-module-parameter-names/2.15.3/jackson-module-parameter-names-2.15.3.jar:/home/yazeed/.m2/repository/org/springframework/boot/spring-boot-starter-tomcat/3.2.0/spring-boot-starter-tomcat-3.2.0.jar:/home/yazeed/.m2/repository/org/apache/tomcat/embed/tomcat-embed-core/10.1.16/tomcat-embed-core-10.1.16.jar:/home/yazeed/.m2/repository/org/apache/tomcat/embed/tomcat-embed-websocket/10.1.16/tomcat-embed-websocket-10.1.16.jar:/home/yazeed/.m2/repository/org/springframework/spring-web/6.1.1/spring-web-6.1.1.jar:/home/yazeed/.m2/repository/org/springframework/spring-beans/6.1.1/spring-beans-6.1.1.jar:/home/yazeed/.m2/repository/org/springframework/spring-webmvc/6.1.1/spring-webmvc-6.1.1.jar:/home/yazeed/.m2/repository/org/springframework/spring-aop/6.1.1/spring-aop-6.1.1.jar:/home/yazeed/.m2/repository/org/springframework/spring-context/6.1.1/spring-context-6.1.1.jar:/home/yazeed/.m2/repository/org/springframework/spring-expression/6.1.1/spring-expression-6.1.1.jar:/home/yazeed/.m2/repository/org/springframework/boot/spring-boot-starter-data-jpa/3.2.0/spring-boot-starter-data-jpa-3.2.0.jar:/home/yazeed/.m2/repository/org/springframework/boot/spring-boot-starter-aop/3.2.0/spring-boot-starter-aop-3.2.0.jar:/home/yazeed/.m2/repository/org/aspectj/aspectjweaver/1.9.20.1/aspectjweaver-1.9.20.1.jar:/home/yazeed/.m2/repository/org/springframework/boot/spring-boot-starter-jdbc/3.2.0/spring-boot-starter-jdbc-3.2.0.jar:/home/yazeed/.m2/repository/com/zaxxer/HikariCP/5.0.1/HikariCP-5.0.1.jar:/home/yazeed/.m2/repository/org/springframework/spring-jdbc/6.1.1/spring-jdbc-6.1.1.jar:/home/yazeed/.m2/repository/org/hibernate/orm/hibernate-core/6.3.1.Final/hibernate-core-6.3.1.Final.jar:/home/yazeed/.m2/repository/jakarta/persistence/jakarta.persistence-api/3.1.0/jakarta.persistence-api-3.1.0.jar:/home/yazeed/.m2/repository/jakarta/transaction/jakarta.transaction-api/2.0.1/jakarta.transaction-api-2.0.1.jar:/home/yazeed/.m2/repository/org/jboss/logging/jboss-logging/3.5.3.Final/jboss-logging-3.5.3.Final.jar:/home/yazeed/.m2/repository/org/hibernate/common/hibernate-commons-annotations/6.0.6.Final/hibernate-commons-annotations-6.0.6.Final.jar:/home/yazeed/.m2/repository/io/smallrye/jandex/3.1.2/jandex-3.1.2.jar:/home/yazeed/.m2/repository/com/fasterxml/classmate/1.6.0/classmate-1.6.0.jar:/home/yazeed/.m2/repository/net/bytebuddy/byte-buddy/1.14.10/byte-buddy-1.14.10.jar:/home/yazeed/.m2/repository/org/glassfish/jaxb/jaxb-runtime/4.0.4/jaxb-runtime-4.0.4.jar:/home/yazeed/.m2/repository/org/glassfish/jaxb/jaxb-core/4.0.4/jaxb-core-4.0.4.jar:/home/yazeed/.m2/repository/org/eclipse/angus/angus-activation/2.0.1/angus-activation-2.0.1.jar:/home/yazeed/.m2/repository/org/glassfish/jaxb/txw2/4.0.4/txw2-4.0.4.jar:/home/yazeed/.m2/repository/com/sun/istack/istack-commons-runtime/4.1.2/istack-commons-runtime-4.1.2.jar:/home/yazeed/.m2/repository/jakarta/inject/jakarta.inject-api/2.0.1/jakarta.inject-api-2.0.1.jar:/home/yazeed/.m2/repository/org/antlr/antlr4-runtime/4.10.1/antlr4-runtime-4.10.1.jar:/home/yazeed/.m2/repository/org/springframework/data/spring-data-jpa/3.2.0/spring-data-jpa-3.2.0.jar:/home/yazeed/.m2/repository/org/springframework/data/spring-data-commons/3.2.0/spring-data-commons-3.2.0.jar:/home/yazeed/.m2/repository/org/springframework/spring-orm/6.1.1/spring-orm-6.1.1.jar:/home/yazeed/.m2/repository/org/springframework/spring-tx/6.1.1/spring-tx-6.1.1.jar:/home/yazeed/.m2/repository/org/slf4j/slf4j-api/2.0.9/slf4j-api-2.0.9.jar:/home/yazeed/.m2/repository/org/springframework/spring-aspects/6.1.1/spring-aspects-6.1.1.jar:/home/yazeed/.m2/repository/org/springframework/boot/spring-boot-starter-validation/3.2.0/spring-boot-starter-validation-3.2.0.jar:/home/yazeed/.m2/repository/org/apache/tomcat/embed/tomcat-embed-el/10.1.16/tomcat-embed-el-10.1.16.jar:/home/yazeed/.m2/repository/org/hibernate/validator/hibernate-validator/8.0.1.Final/hibernate-validator-8.0.1.Final.jar:/home/yazeed/.m2/repository/jakarta/validation/jakarta.validation-api/3.0.2/jakarta.validation-api-3.0.2.jar:/home/yazeed/.m2/repository/com/microsoft/sqlserver/mssql-jdbc/12.4.2.jre11/mssql-jdbc-12.4.2.jre11.jar:/home/yazeed/.m2/repository/org/postgresql/postgresql/42.6.0/postgresql-42.6.0.jar:/home/yazeed/.m2/repository/org/checkerframework/checker-qual/3.31.0/checker-qual-3.31.0.jar:/home/yazeed/.m2/repository/org/projectlombok/lombok/1.18.30/lombok-1.18.30.jar:/home/yazeed/.m2/repository/org/springframework/boot/spring-boot-starter-test/3.2.0/spring-boot-starter-test-3.2.0.jar:/home/yazeed/.m2/repository/org/springframework/boot/spring-boot-test/3.2.0/spring-boot-test-3.2.0.jar:/home/yazeed/.m2/repository/org/springframework/boot/spring-boot-test-autoconfigure/3.2.0/spring-boot-test-autoconfigure-3.2.0.jar:/home/yazeed/.m2/repository/com/jayway/jsonpath/json-path/2.8.0/json-path-2.8.0.jar:/home/yazeed/.m2/repository/jakarta/xml/bind/jakarta.xml.bind-api/4.0.1/jakarta.xml.bind-api-4.0.1.jar:/home/yazeed/.m2/repository/jakarta/activation/jakarta.activation-api/2.1.2/jakarta.activation-api-2.1.2.jar:/home/yazeed/.m2/repository/net/minidev/json-smart/2.5.0/json-smart-2.5.0.jar:/home/yazeed/.m2/repository/net/minidev/accessors-smart/2.5.0/accessors-smart-2.5.0.jar:/home/yazeed/.m2/repository/org/ow2/asm/asm/9.3/asm-9.3.jar:/home/yazeed/.m2/repository/org/assertj/assertj-core/3.24.2/assertj-core-3.24.2.jar:/home/yazeed/.m2/repository/org/awaitility/awaitility/4.2.0/awaitility-4.2.0.jar:/home/yazeed/.m2/repository/org/hamcrest/hamcrest/2.2/hamcrest-2.2.jar:/home/yazeed/.m2/repository/org/junit/jupiter/junit-jupiter/5.10.1/junit-jupiter-5.10.1.jar:/home/yazeed/.m2/repository/org/junit/jupiter/junit-jupiter-api/5.10.1/junit-jupiter-api-5.10.1.jar:/home/yazeed/.m2/repository/org/opentest4j/opentest4j/1.3.0/opentest4j-1.3.0.jar:/home/yazeed/.m2/repository/org/junit/platform/junit-platform-commons/1.10.1/junit-platform-commons-1.10.1.jar:/home/yazeed/.m2/repository/org/apiguardian/apiguardian-api/1.1.2/apiguardian-api-1.1.2.jar:/home/yazeed/.m2/repository/org/junit/jupiter/junit-jupiter-params/5.10.1/junit-jupiter-params-5.10.1.jar:/home/yazeed/.m2/repository/org/junit/jupiter/junit-jupiter-engine/5.10.1/junit-jupiter-engine-5.10.1.jar:/home/yazeed/.m2/repository/org/junit/platform/junit-platform-engine/1.10.1/junit-platform-engine-1.10.1.jar:/home/yazeed/.m2/repository/org/mockito/mockito-core/5.7.0/mockito-core-5.7.0.jar:/home/yazeed/.m2/repository/net/bytebuddy/byte-buddy-agent/1.14.10/byte-buddy-agent-1.14.10.jar:/home/yazeed/.m2/repository/org/objenesis/objenesis/3.3/objenesis-3.3.jar:/home/yazeed/.m2/repository/org/mockito/mockito-junit-jupiter/5.7.0/mockito-junit-jupiter-5.7.0.jar:/home/yazeed/.m2/repository/org/skyscreamer/jsonassert/1.5.1/jsonassert-1.5.1.jar:/home/yazeed/.m2/repository/com/vaadin/external/google/android-json/0.0.20131108.vaadin1/android-json-0.0.20131108.vaadin1.jar:/home/yazeed/.m2/repository/org/springframework/spring-core/6.1.1/spring-core-6.1.1.jar:/home/yazeed/.m2/repository/org/springframework/spring-jcl/6.1.1/spring-jcl-6.1.1.jar:/home/yazeed/.m2/repository/org/springframework/spring-test/6.1.1/spring-test-6.1.1.jar:/home/yazeed/.m2/repository/org/xmlunit/xmlunit-core/2.9.1/xmlunit-core-2.9.1.jar:/home/yazeed/.m2/repository/com/h2database/h2/2.2.224/h2-2.2.224.jar:/home/yazeed/.m2/repository/org/springframework/boot/spring-boot-starter-actuator/3.2.0/spring-boot-starter-actuator-3.2.0.jar:/home/yazeed/.m2/repository/org/springframework/boot/spring-boot-actuator-autoconfigure/3.2.0/spring-boot-actuator-autoconfigure-3.2.0.jar:/home/yazeed/.m2/repository/org/springframework/boot/spring-boot-actuator/3.2.0/spring-boot-actuator-3.2.0.jar:/home/yazeed/.m2/repository/io/micrometer/micrometer-observation/1.12.0/micrometer-observation-1.12.0.jar:/home/yazeed/.m2/repository/io/micrometer/micrometer-commons/1.12.0/micrometer-commons-1.12.0.jar:/home/yazeed/.m2/repository/io/micrometer/micrometer-jakarta9/1.12.0/micrometer-jakarta9-1.12.0.jar:/home/yazeed/.m2/repository/io/micrometer/micrometer-core/1.12.0/micrometer-core-1.12.0.jar:/home/yazeed/.m2/repository/org/hdrhistogram/HdrHistogram/2.1.12/HdrHistogram-2.1.12.jar:/home/yazeed/.m2/repository/org/latencyutils/LatencyUtils/2.0.3/LatencyUtils-2.0.3.jar:"/>
    <property name="java.vm.vendor" value="Ubuntu"/>
    <property name="sun.arch.data.model" value="64"/>
    <property name="net.bytebuddy.experimental" value="true"/>
    <property name="java.vendor.url" value="https://ubuntu.com/"/>
    <property name="user.timezone" value="Asia/Riyadh"/>
    <property name="org.jboss.logging.provider" value="slf4j"/>
    <property name="os.name" value="Linux"/>
    <property name="java.vm.specification.version" value="21"/>
    <property name="sun.java.launcher" value="SUN_STANDARD"/>
    <property name="sun.boot.library.path" value="/usr/lib/jvm/java-21-openjdk-amd64/lib"/>
    <property name="sun.java.command" value="/mnt/c/Users/ya184/Yazeed-project2/Yazeed-project-burger/backend/target/surefire/surefirebooter-20251012184859098_3.jar /mnt/c/Users/ya184/Yazeed-project2/Yazeed-project-burger/backend/target/surefire 2025-10-12T18-48-58_800-jvmRun1 surefire-20251012184859098_1tmp surefire_0-20251012184859098_2tmp"/>
    <property name="jdk.debug" value="release"/>
    <property name="surefire.test.class.path" value="/mnt/c/Users/ya184/Yazeed-project2/Yazeed-project-burger/backend/target/test-classes:/mnt/c/Users/ya184/Yazeed-project2/Yazeed-project-burger/backend/target/classes:/home/yazeed/.m2/repository/org/springframework/boot/spring-boot-starter-web/3.2.0/spring-boot-starter-web-3.2.0.jar:/home/yazeed/.m2/repository/org/springframework/boot/spring-boot-starter/3.2.0/spring-boot-starter-3.2.0.jar:/home/yazeed/.m2/repository/org/springframework/boot/spring-boot/3.2.0/spring-boot-3.2.0.jar:/home/yazeed/.m2/repository/org/springframework/boot/spring-boot-autoconfigure/3.2.0/spring-boot-autoconfigure-3.2.0.jar:/home/yazeed/.m2/repository/org/springframework/boot/spring-boot-starter-logging/3.2.0/spring-boot-starter-logging-3.2.0.jar:/home/yazeed/.m2/repository/ch/qos/logback/logback-classic/1.4.11/logback-classic-1.4.11.jar:/home/yazeed/.m2/repository/ch/qos/logback/logback-core/1.4.11/logback-core-1.4.11.jar:/home/yazeed/.m2/repository/org/apache/logging/log4j/log4j-to-slf4j/2.21.1/log4j-to-slf4j-2.21.1.jar:/home/yazeed/.m2/repository/org/apache/logging/log4j/log4j-api/2.21.1/log4j-api-2.21.1.jar:/home/yazeed/.m2/repository/org/slf4j/jul-to-slf4j/2.0.9/jul-to-slf4j-2.0.9.jar:/home/yazeed/.m2/repository/jakarta/annotation/jakarta.annotation-api/2.1.1/jakarta.annotation-api-2.1.1.jar:/home/yazeed/.m2/repository/org/yaml/snakeyaml/2.2/snakeyaml-2.2.jar:/home/yazeed/.m2/repository/org/springframework/boot/spring-boot-starter-json/3.2.0/spring-boot-starter-json-3.2.0.jar:/home/yazeed/.m2/repository/com/fasterxml/jackson/core/jackson-databind/2.15.3/jackson-databind-2.15.3.jar:/home/yazeed/.m2/repository/com/fasterxml/jackson/core/jackson-annotations/2.15.3/jackson-annotations-2.15.3.jar:/home/yazeed/.m2/repository/com/fasterxml/jackson/core/jackson-core/2.15.3/jackson-core-2.15.3.jar:/home/yazeed/.m2/repository/com/fasterxml/jackson/datatype/jackson-datatype-jdk8/2.15.3/jackson-datatype-jdk8-2.15.3.jar:/home/yazeed/.m2/repository/com/fasterxml/jackson/datatype/jackson-datatype-jsr310/2.15.3/jackson-datatype-jsr310-2.15.3.jar:/home/yazeed/.m2/repository/com/fasterxml/jackson/module/jackson-module-parameter-names/2.15.3/jackson-module-parameter-names-2.15.3.jar:/home/yazeed/.m2/repository/org/springframework/boot/spring-boot-starter-tomcat/3.2.0/spring-boot-starter-tomcat-3.2.0.jar:/home/yazeed/.m2/repository/org/apache/tomcat/embed/tomcat-embed-core/10.1.16/tomcat-embed-core-10.1.16.jar:/home/yazeed/.m2/repository/org/apache/tomcat/embed/tomcat-embed-websocket/10.1.16/tomcat-embed-websocket-10.1.16.jar:/home/yazeed/.m2/repository/org/springframework/spring-web/6.1.1/spring-web-6.1.1.jar:/home/yazeed/.m2/repository/org/springframework/spring-beans/6.1.1/spring-beans-6.1.1.jar:/home/yazeed/.m2/repository/org/springframework/spring-webmvc/6.1.1/spring-webmvc-6.1.1.jar:/home/yazeed/.m2/repository/org/springframework/spring-aop/6.1.1/spring-aop-6.1.1.jar:/home/yazeed/.m2/repository/org/springframework/spring-context/6.1.1/spring-context-6.1.1.jar:/home/yazeed/.m2/repository/org/springframework/spring-expression/6.1.1/spring-expression-6.1.1.jar:/home/yazeed/.m2/repository/org/springframework/boot/spring-boot-starter-data-jpa/3.2.0/spring-boot-starter-data-jpa-3.2.0.jar:/home/yazeed/.m2/repository/org/springframework/boot/spring-boot-starter-aop/3.2.0/spring-boot-starter-aop-3.2.0.jar:/home/yazeed/.m2/repository/org/aspectj/aspectjweaver/1.9.20.1/aspectjweaver-1.9.20.1.jar:/home/yazeed/.m2/repository/org/springframework/boot/spring-boot-starter-jdbc/3.2.0/spring-boot-starter-jdbc-3.2.0.jar:/home/yazeed/.m2/repository/com/zaxxer/HikariCP/5.0.1/HikariCP-5.0.1.jar:/home/yazeed/.m2/repository/org/springframework/spring-jdbc/6.1.1/spring-jdbc-6.1.1.jar:/home/yazeed/.m2/repository/org/hibernate/orm/hibernate-core/6.3.1.Final/hibernate-core-6.3.1.Final.jar:/home/yazeed/.m2/repository/jakarta/persistence/jakarta.persistence-api/3.1.0/jakarta.persistence-api-3.1.0.jar:/home/yazeed/.m2/repository/jakarta/transaction/jakarta.transaction-api/2.0.1/jakarta.transaction-api-2.0.1.jar:/home/yazeed/.m2/repository/org/jboss/logging/jboss-logging/3.5.3.Final/jboss-logging-3.5.3.Final.jar:/home/yazeed/.m2/repository/org/hibernate/common/hibernate-commons-annotations/6.0.6.Final/hibernate-commons-annotations-6.0.6.Final.jar:/home/yazeed/.m2/repository/io/smallrye/jandex/3.1.2/jandex-3.1.2.jar:/home/yazeed/.m2/repository/com/fasterxml/classmate/1.6.0/classmate-1.6.0.jar:/home/yazeed/.m2/repository/net/bytebuddy/byte-buddy/1.14.10/byte-buddy-1.14.10.jar:/home/yazeed/.m2/repository/org/glassfish/jaxb/jaxb-runtime/4.0.4/jaxb-runtime-4.0.4.jar:/home/yazeed/.m2/repository/org/glassfish/jaxb/jaxb-core/4.0.4/jaxb-core-4.0.4.jar:/home/yazeed/.m2/repository/org/eclipse/angus/angus-activation/2.0.1/angus-activation-2.0.1.jar:/home/yazeed/.m2/repository/org/glassfish/jaxb/txw2/4.0.4/txw2-4.0.4.jar:/home/yazeed/.m2/repository/com/sun/istack/istack-commons-runtime/4.1.2/istack-commons-runtime-4.1.2.jar:/home/yazeed/.m2/repository/jakarta/inject/jakarta.inject-api/2.0.1/jakarta.inject-api-2.0.1.jar:/home/yazeed/.m2/repository/org/antlr/antlr4-runtime/4.10.1/antlr4-runtime-4.10.1.jar:/home/yazeed/.m2/repository/org/springframework/data/spring-data-jpa/3.2.0/spring-data-jpa-3.2.0.jar:/home/yazeed/.m2/repository/org/springframework/data/spring-data-commons/3.2.0/spring-data-commons-3.2.0.jar:/home/yazeed/.m2/repository/org/springframework/spring-orm/6.1.1/spring-orm-6.1.1.jar:/home/yazeed/.m2/repository/org/springframework/spring-tx/6.1.1/spring-tx-6.1.1.jar:/home/yazeed/.m2/repository/org/slf4j/slf4j-api/2.0.9/slf4j-api-2.0.9.jar:/home/yazeed/.m2/repository/org/springframework/spring-aspects/6.1.1/spring-aspects-6.1.1.jar:/home/yazeed/.m2/repository/org/springframework/boot/spring-boot-starter-validation/3.2.0/spring-boot-starter-validation-3.2.0.jar:/home/yazeed/.m2/repository/org/apache/tomcat/embed/tomcat-embed-el/10.1.16/tomcat-embed-el-10.1.16.jar:/home/yazeed/.m2/repository/org/hibernate/validator/hibernate-validator/8.0.1.Final/hibernate-validator-8.0.1.Final.jar:/home/yazeed/.m2/repository/jakarta/validation/jakarta.validation-api/3.0.2/jakarta.validation-api-3.0.2.jar:/home/yazeed/.m2/repository/com/microsoft/sqlserver/mssql-jdbc/12.4.2.jre11/mssql-jdbc-12.4.2.jre11.jar:/home/yazeed/.m2/repository/org/postgresql/postgresql/42.6.0/postgresql-42.6.0.jar:/home/yazeed/.m2/repository/org/checkerframework/checker-qual/3.31.0/checker-qual-3.31.0.jar:/home/yazeed/.m2/repository/org/projectlombok/lombok/1.18.30/lombok-1.18.30.jar:/home/yazeed/.m2/repository/org/springframework/boot/spring-boot-starter-test/3.2.0/spring-boot-starter-test-3.2.0.jar:/home/yazeed/.m2/repository/org/springframework/boot/spring-boot-test/3.2.0/spring-boot-test-3.2.0.jar:/home/yazeed/.m2/repository/org/springframework/boot/spring-boot-test-autoconfigure/3.2.0/spring-boot-test-autoconfigure-3.2.0.jar:/home/yazeed/.m2/repository/com/jayway/jsonpath/json-path/2.8.0/json-path-2.8.0.jar:/home/yazeed/.m2/repository/jakarta/xml/bind/jakarta.xml.bind-api/4.0.1/jakarta.xml.bind-api-4.0.1.jar:/home/yazeed/.m2/repository/jakarta/activation/jakarta.activation-api/2.1.2/jakarta.activation-api-2.1.2.jar:/home/yazeed/.m2/repository/net/minidev/json-smart/2.5.0/json-smart-2.5.0.jar:/home/yazeed/.m2/repository/net/minidev/accessors-smart/2.5.0/accessors-smart-2.5.0.jar:/home/yazeed/.m2/repository/org/ow2/asm/asm/9.3/asm-9.3.jar:/home/yazeed/.m2/repository/org/assertj/assertj-core/3.24.2/assertj-core-3.24.2.jar:/home/yazeed/.m2/repository/org/awaitility/awaitility/4.2.0/awaitility-4.2.0.jar:/home/yazeed/.m2/repository/org/hamcrest/hamcrest/2.2/hamcrest-2.2.jar:/home/yazeed/.m2/repository/org/junit/jupiter/junit-jupiter/5.10.1/junit-jupiter-5.10.1.jar:/home/yazeed/.m2/repository/org/junit/jupiter/junit-jupiter-api/5.10.1/junit-jupiter-api-5.10.1.jar:/home/yazeed/.m2/repository/org/opentest4j/opentest4j/1.3.0/opentest4j-1.3.0.jar:/home/yazeed/.m2/repository/org/junit/platform/junit-platform-commons/1.10.1/junit-platform-commons-1.10.1.jar:/home/yazeed/.m2/repository/org/apiguardian/apiguardian-api/1.1.2/apiguardian-api-1.1.2.jar:/home/yazeed/.m2/repository/org/junit/jupiter/junit-jupiter-params/5.10.1/junit-jupiter-params-5.10.1.jar:/home/yazeed/.m2/repository/org/junit/jupiter/junit-jupiter-engine/5.10.1/junit-jupiter-engine-5.10.1.jar:/home/yazeed/.m2/repository/org/junit/platform/junit-platform-engine/1.10.1/junit-platform-engine-1.10.1.jar:/home/yazeed/.m2/repository/org/mockito/mockito-core/5.7.0/mockito-core-5.7.0.jar:/home/yazeed/.m2/repository/net/bytebuddy/byte-buddy-agent/1.14.10/byte-buddy-agent-1.14.10.jar:/home/yazeed/.m2/repository/org/objenesis/objenesis/3.3/objenesis-3.3.jar:/home/yazeed/.m2/repository/org/mockito/mockito-junit-jupiter/5.7.0/mockito-junit-jupiter-5.7.0.jar:/home/yazeed/.m2/repository/org/skyscreamer/jsonassert/1.5.1/jsonassert-1.5.1.jar:/home/yazeed/.m2/repository/com/vaadin/external/google/android-json/0.0.20131108.vaadin1/android-json-0.0.20131108.vaadin1.jar:/home/yazeed/.m2/repository/org/springframework/spring-core/6.1.1/spring-core-6.1.1.jar:/home/yazeed/.m2/repository/org/springframework/spring-jcl/6.1.1/spring-jcl-6.1.1.jar:/home/yazeed/.m2/repository/org/springframework/spring-test/6.1.1/spring-test-6.1.1.jar:/home/yazeed/.m2/repository/org/xmlunit/xmlunit-core/2.9.1/xmlunit-core-2.9.1.jar:/home/yazeed/.m2/repository/com/h2database/h2/2.2.224/h2-2.2.224.jar:/home/yazeed/.m2/repository/org/springframework/boot/spring-boot-starter-actuator/3.2.0/spring-boot-starter-actuator-3.2.0.jar:/home/yazeed/.m2/repository/org/springframework/boot/spring-boot-actuator-autoconfigure/3.2.0/spring-boot-actuator-autoconfigure-3.2.0.jar:/home/yazeed/.m2/repository/org/springframework/boot/spring-boot-actuator/3.2.0/spring-boot-actuator-3.2.0.jar:/home/yazeed/.m2/repository/io/micrometer/micrometer-observation/1.12.0/micrometer-observation-1.12.0.jar:/home/yazeed/.m2/repository/io/micrometer/micrometer-commons/1.12.0/micrometer-commons-1.12.0.jar:/home/yazeed/.m2/repository/io/micrometer/micrometer-jakarta9/1.12.0/micrometer-jakarta9-1.12.0.jar:/home/yazeed/.m2/repository/io/micrometer/micrometer-core/1.12.0/micrometer-core-1.12.0.jar:/home/yazeed/.m2/repository/org/hdrhistogram/HdrHistogram/2.1.12/HdrHistogram-2.1.12.jar:/home/yazeed/.m2/repository/org/latencyutils/LatencyUtils/2.0.3/LatencyUtils-2.0.3.jar:"/>
    <property name="sun.cpu.endian" value="little"/>
    <property name="user.home" value="/home/yazeed"/>
    <property name="user.language" value="en"/>
    <property name="java.specification.vendor" value="Oracle Corporation"/>
    <property name="java.version.date" value="2025-07-15"/>
    <property name="java.home" value="/usr/lib/jvm/java-21-openjdk-amd64"/>
    <property name="file.separator" value="/"/>
    <property name="basedir" value="/mnt/c/Users/ya184/Yazeed-project2/Yazeed-project-burger/backend"/>
    <property name="java.vm.compressedOopsMode" value="32-bit"/>
    <property name="line.separator" value="&#10;"/>
    <property name="java.specification.name" value="Java Platform API Specification"/>
    <property name="java.vm.specification.vendor" value="Oracle Corporation"/>
    <property name="FILE_LOG_CHARSET" value="UTF-8"/>
    <property name="java.awt.headless" value="true"/>
    <property name="surefire.real.class.path" value="/mnt/c/Users/ya184/Yazeed-project2/Yazeed-project-burger/backend/target/surefire/surefirebooter-20251012184859098_3.jar"/>
    <property name="sun.management.compiler" value="HotSpot 64-Bit Tiered Compilers"/>
    <property name="java.runtime.version" value="21.0.8+9-Ubuntu-0ubuntu124.04.1"/>
    <property name="user.name" value="yazeed"/>
    <property name="stdout.encoding" value="UTF-8"/>
    <property name="path.separator" value=":"/>
    <property name="os.version" value="6.6.87.2-microsoft-standard-WSL2"/>
    <property name="java.runtime.name" value="OpenJDK Runtime Environment"/>
    <property name="file.encoding" value="UTF-8"/>
    <property name="java.vm.name" value="OpenJDK 64-Bit Server VM"/>
    <property name="localRepository" value="/home/yazeed/.m2/repository"/>
    <property name="java.vendor.url.bug" value="https://bugs.launchpad.net/ubuntu/+source/openjdk-21"/>
    <property name="java.io.tmpdir" value="/tmp"/>
    <property name="com.zaxxer.hikari.pool_number" value="1"/>
    <property name="java.version" value="21.0.8"/>
    <property name="user.dir" value="/mnt/c/Users/ya184/Yazeed-project2/Yazeed-project-burger/backend"/>
    <property name="os.arch" value="amd64"/>
    <property name="java.vm.specification.name" value="Java Virtual Machine Specification"/>
    <property name="PID" value="3759"/>
    <property name="CONSOLE_LOG_CHARSET" value="UTF-8"/>
    <property name="native.encoding" value="UTF-8"/>
    <property name="java.library.path" value="/usr/java/packages/lib:/usr/lib/x86_64-linux-gnu/jni:/lib/x86_64-linux-gnu:/usr/lib/x86_64-linux-gnu:/usr/lib/jni:/lib:/usr/lib"/>
    <property name="java.vm.info" value="mixed mode, sharing"/>
    <property name="stderr.encoding" value="UTF-8"/>
    <property name="java.vendor" value="Ubuntu"/>
    <property name="java.vm.version" value="21.0.8+9-Ubuntu-0ubuntu124.04.1"/>
    <property name="sun.io.unicode.encoding" value="UnicodeLittle"/>
    <property name="java.class.version" value="65.0"/>
  </properties>
  <testcase name="shouldHaveUniqueIngredients" classname="com.burgerbuilder.repository.DataInitializationTest" time="0.414">
    <system-out><![CDATA[18:49:15.678 [main] INFO org.springframework.test.context.support.AnnotationConfigContextLoaderUtils -- Could not detect default configuration classes for test class [com.burgerbuilder.repository.DataInitializationTest]: DataInitializationTest does not declare any static, non-private, non-final, nested classes annotated with @Configuration.
18:49:16.176 [main] INFO org.springframework.boot.test.context.SpringBootTestContextBootstrapper -- Found @SpringBootConfiguration com.burgerbuilder.BurgerBuilderApplication for test class com.burgerbuilder.repository.DataInitializationTest

  .   ____          _            __ _ _
 /\\ / ___'_ __ _ _(_)_ __  __ _ \ \ \ \
( ( )\___ | '_ | '_| | '_ \/ _` | \ \ \ \
 \\/  ___)| |_)| | | | | || (_| |  ) ) ) )
  '  |____| .__|_| |_|_| |_\__, | / / / /
 =========|_|==============|___/=/_/_/_/
 :: Spring Boot ::                (v3.2.0)

2025-10-12T18:49:17.728+03:00  INFO 3759 --- [           main] c.b.repository.DataInitializationTest    : Starting DataInitializationTest using Java 21.0.8 with PID 3759 (started by yazeed in /mnt/c/Users/ya184/Yazeed-project2/Yazeed-project-burger/backend)
2025-10-12T18:49:17.730+03:00 DEBUG 3759 --- [           main] c.b.repository.DataInitializationTest    : Running with Spring Boot v3.2.0, Spring v6.1.1
2025-10-12T18:49:17.731+03:00  INFO 3759 --- [           main] c.b.repository.DataInitializationTest    : The following 1 profile is active: "test"
2025-10-12T18:49:17.946+03:00 DEBUG 3759 --- [           main] o.s.w.c.s.GenericWebApplicationContext   : Refreshing org.springframework.web.context.support.GenericWebApplicationContext@630c3af3
2025-10-12T18:49:21.295+03:00  INFO 3759 --- [           main] .s.d.r.c.RepositoryConfigurationDelegate : Bootstrapping Spring Data JPA repositories in DEFAULT mode.
2025-10-12T18:49:21.629+03:00  INFO 3759 --- [           main] .s.d.r.c.RepositoryConfigurationDelegate : Finished Spring Data repository scanning in 304 ms. Found 3 JPA repository interfaces.
2025-10-12T18:49:24.211+03:00  INFO 3759 --- [           main] o.hibernate.jpa.internal.util.LogHelper  : HHH000204: Processing PersistenceUnitInfo [name: default]
2025-10-12T18:49:24.601+03:00  INFO 3759 --- [           main] org.hibernate.Version                    : HHH000412: Hibernate ORM core version 6.3.1.Final
2025-10-12T18:49:24.796+03:00  INFO 3759 --- [           main] o.h.c.internal.RegionFactoryInitiator    : HHH000026: Second-level cache disabled
2025-10-12T18:49:25.423+03:00  INFO 3759 --- [           main] o.s.o.j.p.SpringPersistenceUnitInfo      : No LoadTimeWeaver setup: ignoring JPA class transformer
2025-10-12T18:49:25.558+03:00  INFO 3759 --- [           main] com.zaxxer.hikari.HikariDataSource       : HikariPool-1 - Starting...
2025-10-12T18:49:26.812+03:00  INFO 3759 --- [           main] com.zaxxer.hikari.pool.HikariPool        : HikariPool-1 - Added connection conn0: url=jdbc:h2:mem:testdb user=SA
2025-10-12T18:49:26.825+03:00  INFO 3759 --- [           main] com.zaxxer.hikari.HikariDataSource       : HikariPool-1 - Start completed.
2025-10-12T18:49:26.984+03:00  WARN 3759 --- [           main] org.hibernate.orm.deprecation            : HHH90000025: H2Dialect does not need to be specified explicitly using 'hibernate.dialect' (remove the property setting and it will be selected by default)
2025-10-12T18:49:30.364+03:00  INFO 3759 --- [           main] o.h.e.t.j.p.i.JtaPlatformInitiator       : HHH000489: No JTA platform available (set 'hibernate.transaction.jta.platform' to enable JTA platform integration)
2025-10-12T18:49:30.461+03:00 DEBUG 3759 --- [           main] org.hibernate.SQL                        : drop table if exists burger_layers cascade 
2025-10-12T18:49:30.476+03:00 DEBUG 3759 --- [           main] org.hibernate.SQL                        : drop table if exists cart_items cascade 
2025-10-12T18:49:30.476+03:00 DEBUG 3759 --- [           main] org.hibernate.SQL                        : drop table if exists ingredients cascade 
2025-10-12T18:49:30.476+03:00 DEBUG 3759 --- [           main] org.hibernate.SQL                        : drop table if exists order_items cascade 
2025-10-12T18:49:30.477+03:00 DEBUG 3759 --- [           main] org.hibernate.SQL                        : drop table if exists order_layers cascade 
2025-10-12T18:49:30.477+03:00 DEBUG 3759 --- [           main] org.hibernate.SQL                        : drop table if exists orders cascade 
2025-10-12T18:49:30.493+03:00 DEBUG 3759 --- [           main] org.hibernate.SQL                        : create table burger_layers (layer_order integer not null, quantity integer not null, unit_price numeric(10,2), cart_item_id bigint not null, id bigint generated by default as identity, ingredient_id bigint not null, primary key (id))
2025-10-12T18:49:30.519+03:00 DEBUG 3759 --- [           main] org.hibernate.SQL                        : create table cart_items (quantity integer not null, total_price numeric(10,2), unit_price numeric(10,2), created_at timestamp(6) not null, id bigint generated by default as identity, ingredient_id bigint not null, updated_at timestamp(6), session_id varchar(255) not null, primary key (id))
2025-10-12T18:49:30.528+03:00 DEBUG 3759 --- [           main] org.hibernate.SQL                        : create table ingredients (is_available boolean not null, price numeric(10,2) not null, sort_order integer, id bigint generated by default as identity, description varchar(500), category varchar(255) not null, image_url varchar(255), name varchar(255) not null unique, primary key (id))
2025-10-12T18:49:30.535+03:00 DEBUG 3759 --- [           main] org.hibernate.SQL                        : create table order_items (quantity integer not null, total_price numeric(10,2), unit_price numeric(10,2), id bigint generated by default as identity, ingredient_id bigint not null, order_id bigint not null, primary key (id))
2025-10-12T18:49:30.536+03:00 DEBUG 3759 --- [           main] org.hibernate.SQL                        : create table order_layers (layer_order integer not null, quantity integer not null, unit_price numeric(10,2), id bigint generated by default as identity, ingredient_id bigint not null, order_item_id bigint not null, primary key (id))
2025-10-12T18:49:30.538+03:00 DEBUG 3759 --- [           main] org.hibernate.SQL                        : create table orders (total_amount numeric(10,2) not null, created_at timestamp(6) not null, id bigint generated by default as identity, updated_at timestamp(6), customer_email varchar(255), customer_name varchar(255) not null, customer_phone varchar(255), order_number varchar(255) not null unique, status varchar(255) not null check (status in ('PENDING','CONFIRMED','PREPARING','READY','COMPLETED','CANCELLED')), primary key (id))
2025-10-12T18:49:30.551+03:00 DEBUG 3759 --- [           main] org.hibernate.SQL                        : alter table if exists burger_layers add constraint FKnu62rry24lt6r19u7ggs59wbs foreign key (cart_item_id) references cart_items
2025-10-12T18:49:30.589+03:00 DEBUG 3759 --- [           main] org.hibernate.SQL                        : alter table if exists burger_layers add constraint FKh34jali7g0ftjvptqa4rtnbjw foreign key (ingredient_id) references ingredients
2025-10-12T18:49:30.590+03:00 DEBUG 3759 --- [           main] org.hibernate.SQL                        : alter table if exists cart_items add constraint FK1c8iksmp4h5u1ia4iw9uhc58c foreign key (ingredient_id) references ingredients
2025-10-12T18:49:30.592+03:00 DEBUG 3759 --- [           main] org.hibernate.SQL                        : alter table if exists order_items add constraint FK410opl07njxb61dejrqnsaimr foreign key (ingredient_id) references ingredients
2025-10-12T18:49:30.594+03:00 DEBUG 3759 --- [           main] org.hibernate.SQL                        : alter table if exists order_items add constraint FKbioxgbv59vetrxe0ejfubep1w foreign key (order_id) references orders
2025-10-12T18:49:30.597+03:00 DEBUG 3759 --- [           main] org.hibernate.SQL                        : alter table if exists order_layers add constraint FK4mq5236he35xnh8gypa4e9khn foreign key (ingredient_id) references ingredients
2025-10-12T18:49:30.599+03:00 DEBUG 3759 --- [           main] org.hibernate.SQL                        : alter table if exists order_layers add constraint FK2gldvhlbjiv3lww2u7yoldemh foreign key (order_item_id) references order_items
2025-10-12T18:49:30.624+03:00  INFO 3759 --- [           main] j.LocalContainerEntityManagerFactoryBean : Initialized JPA EntityManagerFactory for persistence unit 'default'
2025-10-12T18:49:32.054+03:00  INFO 3759 --- [           main] o.s.d.j.r.query.QueryEnhancerFactory     : Hibernate is in classpath; If applicable, HQL parser will be used.
2025-10-12T18:49:36.189+03:00  WARN 3759 --- [           main] JpaBaseConfiguration$JpaWebConfiguration : spring.jpa.open-in-view is enabled by default. Therefore, database queries may be performed during view rendering. Explicitly configure spring.jpa.open-in-view to disable this warning
2025-10-12T18:49:36.524+03:00 DEBUG 3759 --- [           main] s.w.s.m.m.a.RequestMappingHandlerMapping : 26 mappings in 'requestMappingHandlerMapping'
2025-10-12T18:49:37.186+03:00 DEBUG 3759 --- [           main] o.s.w.s.handler.SimpleUrlHandlerMapping  : Patterns [/webjars/**, /**] in 'resourceHandlerMapping'
2025-10-12T18:49:37.353+03:00 DEBUG 3759 --- [           main] s.w.s.m.m.a.RequestMappingHandlerAdapter : ControllerAdvice beans: 0 @ModelAttribute, 0 @InitBinder, 1 RequestBodyAdvice, 1 ResponseBodyAdvice
2025-10-12T18:49:37.402+03:00 DEBUG 3759 --- [           main] .m.m.a.ExceptionHandlerExceptionResolver : ControllerAdvice beans: 1 @ExceptionHandler, 1 ResponseBodyAdvice
2025-10-12T18:49:39.365+03:00  INFO 3759 --- [           main] o.s.b.a.e.web.EndpointLinksResolver      : Exposing 2 endpoint(s) beneath base path '/actuator'
2025-10-12T18:49:39.590+03:00  INFO 3759 --- [           main] c.b.repository.DataInitializationTest    : Started DataInitializationTest in 23.016 seconds (process running for 38.213)
2025-10-12T18:49:40.062+03:00 DEBUG 3759 --- [           main] org.hibernate.SQL                        : select i1_0.id,i1_0.category,i1_0.description,i1_0.image_url,i1_0.is_available,i1_0.name,i1_0.price,i1_0.sort_order from ingredients i1_0
]]></system-out>
  </testcase>
  <testcase name="shouldHaveCorrectIngredientStructure" classname="com.burgerbuilder.repository.DataInitializationTest" time="0.068">
    <system-out><![CDATA[2025-10-12T18:49:40.227+03:00 DEBUG 3759 --- [           main] org.hibernate.SQL                        : select i1_0.id,i1_0.category,i1_0.description,i1_0.image_url,i1_0.is_available,i1_0.name,i1_0.price,i1_0.sort_order from ingredients i1_0 where i1_0.name=?
]]></system-out>
  </testcase>
  <testcase name="shouldHaveIngredientsInCorrectCategories" classname="com.burgerbuilder.repository.DataInitializationTest" time="0.065">
    <system-out><![CDATA[2025-10-12T18:49:40.254+03:00 DEBUG 3759 --- [           main] org.hibernate.SQL                        : select i1_0.id,i1_0.category,i1_0.description,i1_0.image_url,i1_0.is_available,i1_0.name,i1_0.price,i1_0.sort_order from ingredients i1_0 where i1_0.category=? order by i1_0.sort_order
2025-10-12T18:49:40.290+03:00 DEBUG 3759 --- [           main] org.hibernate.SQL                        : select i1_0.id,i1_0.category,i1_0.description,i1_0.image_url,i1_0.is_available,i1_0.name,i1_0.price,i1_0.sort_order from ingredients i1_0 where i1_0.category=? order by i1_0.sort_order
2025-10-12T18:49:40.292+03:00 DEBUG 3759 --- [           main] org.hibernate.SQL                        : select i1_0.id,i1_0.category,i1_0.description,i1_0.image_url,i1_0.is_available,i1_0.name,i1_0.price,i1_0.sort_order from ingredients i1_0 where i1_0.category=? order by i1_0.sort_order
2025-10-12T18:49:40.295+03:00 DEBUG 3759 --- [           main] org.hibernate.SQL                        : select i1_0.id,i1_0.category,i1_0.description,i1_0.image_url,i1_0.is_available,i1_0.name,i1_0.price,i1_0.sort_order from ingredients i1_0 where i1_0.category=? order by i1_0.sort_order
]]></system-out>
  </testcase>
  <testcase name="shouldHaveDefaultIngredientsAfterStartup" classname="com.burgerbuilder.repository.DataInitializationTest" time="0.027">
    <system-out><![CDATA[2025-10-12T18:49:40.314+03:00 DEBUG 3759 --- [           main] org.hibernate.SQL                        : select i1_0.id,i1_0.category,i1_0.description,i1_0.image_url,i1_0.is_available,i1_0.name,i1_0.price,i1_0.sort_order from ingredients i1_0
2025-10-12T18:49:40.317+03:00 DEBUG 3759 --- [           main] org.hibernate.SQL                        : select i1_0.id,i1_0.category,i1_0.description,i1_0.image_url,i1_0.is_available,i1_0.name,i1_0.price,i1_0.sort_order from ingredients i1_0 where i1_0.name=?
2025-10-12T18:49:40.325+03:00 DEBUG 3759 --- [           main] org.hibernate.SQL                        : select i1_0.id,i1_0.category,i1_0.description,i1_0.image_url,i1_0.is_available,i1_0.name,i1_0.price,i1_0.sort_order from ingredients i1_0 where i1_0.name=?
2025-10-12T18:49:40.328+03:00 DEBUG 3759 --- [           main] org.hibernate.SQL                        : select i1_0.id,i1_0.category,i1_0.description,i1_0.image_url,i1_0.is_available,i1_0.name,i1_0.price,i1_0.sort_order from ingredients i1_0 where i1_0.name=?
2025-10-12T18:49:40.334+03:00 DEBUG 3759 --- [           main] org.hibernate.SQL                        : select i1_0.id,i1_0.category,i1_0.description,i1_0.image_url,i1_0.is_available,i1_0.name,i1_0.price,i1_0.sort_order from ingredients i1_0 where i1_0.name=?
]]></system-out>
  </testcase>
  <testcase name="shouldNotDuplicateIngredientsOnMultipleStartups" classname="com.burgerbuilder.repository.DataInitializationTest" time="0.009">
    <system-out><![CDATA[2025-10-12T18:49:40.343+03:00 DEBUG 3759 --- [           main] org.hibernate.SQL                        : select i1_0.id,i1_0.category,i1_0.description,i1_0.image_url,i1_0.is_available,i1_0.name,i1_0.price,i1_0.sort_order from ingredients i1_0
2025-10-12T18:49:40.345+03:00 DEBUG 3759 --- [           main] org.hibernate.SQL                        : select i1_0.id,i1_0.category,i1_0.description,i1_0.image_url,i1_0.is_available,i1_0.name,i1_0.price,i1_0.sort_order from ingredients i1_0
]]></system-out>
  </testcase>
</testsuite>